0 info it worked if it ends with ok
1 verbose cli [ '/usr/bin/node', '/usr/bin/npm', 'run', 'compile:server' ]
2 info using npm@3.5.2
3 info using node@v8.10.0
4 verbose run-script [ 'precompile:server', 'compile:server', 'postcompile:server' ]
5 info lifecycle fallout-ssl@1.0.0~precompile:server: fallout-ssl@1.0.0
6 silly lifecycle fallout-ssl@1.0.0~precompile:server: no script for precompile:server, continuing
7 info lifecycle fallout-ssl@1.0.0~compile:server: fallout-ssl@1.0.0
8 verbose lifecycle fallout-ssl@1.0.0~compile:server: unsafe-perm in lifecycle true
9 verbose lifecycle fallout-ssl@1.0.0~compile:server: PATH: /usr/share/npm/bin/node-gyp-bin:/home/magi/data/work/sexydev/f2/vscode-ssl/node_modules/.bin:/home/magi/.npm-global/bin:/home/magi/.local/bin:/home/magi/bin:/usr/local/sbin:/usr/local/bin:/usr/sbin:/usr/bin:/sbin:/bin:/usr/games:/usr/local/games:/snap/bin:/home/magi/bin:/home/magi/sexy/f2/msg2po:/home/magi/.local/bin:/home/magi/.gem/ruby/2.5.0/bin
10 verbose lifecycle fallout-ssl@1.0.0~compile:server: CWD: /home/magi/data/work/sexydev/f2/vscode-ssl
11 silly lifecycle fallout-ssl@1.0.0~compile:server: Args: [ '-c', 'tsc -p ./server/tsconfig.json' ]
12 silly lifecycle fallout-ssl@1.0.0~compile:server: Returned: code: 2  signal: null
13 info lifecycle fallout-ssl@1.0.0~compile:server: Failed to exec compile:server script
14 verbose stack Error: fallout-ssl@1.0.0 compile:server: `tsc -p ./server/tsconfig.json`
14 verbose stack Exit status 2
14 verbose stack     at EventEmitter.<anonymous> (/usr/share/npm/lib/utils/lifecycle.js:232:16)
14 verbose stack     at emitTwo (events.js:126:13)
14 verbose stack     at EventEmitter.emit (events.js:214:7)
14 verbose stack     at ChildProcess.<anonymous> (/usr/share/npm/lib/utils/spawn.js:24:14)
14 verbose stack     at emitTwo (events.js:126:13)
14 verbose stack     at ChildProcess.emit (events.js:214:7)
14 verbose stack     at maybeClose (internal/child_process.js:925:16)
14 verbose stack     at Process.ChildProcess._handle.onexit (internal/child_process.js:209:5)
15 verbose pkgid fallout-ssl@1.0.0
16 verbose cwd /home/magi/data/work/sexydev/f2/vscode-ssl
17 error Linux 4.15.0-39-generic
18 error argv "/usr/bin/node" "/usr/bin/npm" "run" "compile:server"
19 error node v8.10.0
20 error npm  v3.5.2
21 error code ELIFECYCLE
22 error fallout-ssl@1.0.0 compile:server: `tsc -p ./server/tsconfig.json`
22 error Exit status 2
23 error Failed at the fallout-ssl@1.0.0 compile:server script 'tsc -p ./server/tsconfig.json'.
23 error Make sure you have the latest version of node.js and npm installed.
23 error If you do, this is most likely a problem with the fallout-ssl package,
23 error not with npm itself.
23 error Tell the author that this fails on your system:
23 error     tsc -p ./server/tsconfig.json
23 error You can get information on how to open an issue for this project with:
23 error     npm bugs fallout-ssl
23 error Or if that isn't available, you can get their info via:
23 error     npm owner ls fallout-ssl
23 error There is likely additional logging output above.
24 verbose exit [ 1, true ]
